20231118	07:50:20 PM	9a771ca1-cd13-4908-a979-0f852d73236c	GET	/asdasd	undefined
20231118	07:50:20 PM	6928b485-41f5-4165-89a4-8f68a6df137d	GET	/css/style.css	undefined
20231118	07:50:26 PM	758729bf-9c1a-4669-9dc2-6ccf3574cc7c	GET	/asdasasdasda	undefined
20231118	07:50:26 PM	a7bc24bc-0fdf-419e-9e1d-9ca805dbb2c6	GET	/css/style.css	undefined
20231118	08:00:18 PM	0c974099-3d71-4b76-810e-7dbece6b071f	GET	/asdasasdasda	undefined
20231118	08:00:18 PM	c8f21a67-9ab1-4cb0-8793-e1ba03f92dab	GET	/css/style.css	undefined
20231118	08:00:19 PM	a889d5e0-bb05-4a4a-adbf-c0792f757d4f	GET	/asdasasdasda	undefined
20231118	08:00:19 PM	9684d2f0-1c61-4c53-90f8-be2404539d39	GET	/css/style.css	undefined
20231118	08:03:03 PM	e51b0154-dcf0-402b-ba94-48695502fe6e	GET	/	undefined
20231118	08:03:03 PM	ef6425ef-0471-4091-a206-31fd01ce6869	GET	/css/style.css	undefined
20231118	08:03:22 PM	879ef397-4705-4deb-b440-fe86380a3e3a	GET	/	undefined
20231118	08:03:22 PM	e5046244-325a-4fa5-8b54-62bcda2efa70	GET	/css/style.css	undefined
20231118	08:03:23 PM	4aae18fa-03b5-409a-afa4-deb5f8e04ad1	GET	/favicon.ico	undefined
20231118	08:03:49 PM	18f56264-0777-4656-ae86-e819f1b00ff5	GET	/	undefined
20231118	08:03:49 PM	0d004ab1-ffc4-4426-adb9-6b88a0c63197	GET	/css/style.css	undefined
20231118	08:04:19 PM	bd66e6f4-413b-4d34-928c-81885f4fde18	GET	/	undefined
20231118	08:04:19 PM	962b1321-2dd3-4a73-acc2-a671c4dc0407	GET	/css/style.css	undefined
20231118	08:05:49 PM	972ceb52-f177-4977-a264-3743f8f219a1	GET	/	undefined
20231118	08:06:07 PM	76082830-5b22-41b4-817d-74d414e55685	GET	/	undefined
20231118	08:06:19 PM	128917e7-2e53-4d28-a296-1b6f85da746d	GET	/	undefined
20231118	08:16:56 PM	42d39e45-c280-44ba-81e0-0c0609d697c8	GET	/	undefined
20231118	08:17:02 PM	876e450e-f591-4181-838b-173f1f0b8f7c	GET	/	undefined
20231118	08:17:02 PM	bd3068c1-bf8c-42c5-bb58-767509bb8218	GET	/css/style.css	undefined
20231118	08:18:41 PM	16909c1f-a58b-4289-83ae-535b391734a2	GET	/	undefined
20231118	08:18:41 PM	0963d40e-e385-479f-935f-f7b1f5914166	GET	/css/style.css	undefined
20231118	08:20:32 PM	f77f0903-a355-47ec-9a08-4d57c753c8e1	GET	/	undefined
20231118	08:20:32 PM	8450461f-fcb0-4f8b-8de2-1f714307f944	GET	/css/style.css	undefined
20231118	08:20:43 PM	d421eee2-3685-4561-85e1-757579d243ac	GET	/	undefined
20231118	08:22:18 PM	ea08de34-de11-4f27-8dbf-d973206c6302	GET	/	undefined
20231118	08:22:18 PM	bbf72de3-d818-490a-b571-f6bfc4e253de	GET	/css/style.css	undefined
20231118	08:22:25 PM	60046485-7dcd-4dea-8f9f-8bf8fae74e73	GET	/	undefined
20231118	08:22:25 PM	822e67d7-535c-4fa1-9517-023d876fea26	GET	/css/style.css	undefined
20231118	08:22:33 PM	fbd279a8-387e-46ec-88a1-b22e94a38699	GET	/	undefined
20231118	08:22:33 PM	8581a2fc-da86-423f-bf95-d6443e503b95	GET	/css/style.css	undefined
20231118	08:23:27 PM	2ffad2a1-09a7-4151-b4b6-ec686cc9cc9c	GET	/	undefined
20231118	08:23:27 PM	81fade17-75eb-49ac-876f-949987c54c00	GET	/css/style.css	undefined
20231118	08:23:56 PM	5462ea0f-35c7-4baa-a5e0-9134b4e27409	GET	/	https://www.google.com
20231118	08:24:57 PM	e03fbf60-e820-4b17-91a5-4a9515ef97f4	GET	/	https://www.google.com
